INVOKING cydsfit:
	Command Line: "-.fdsnotice" "-.fdswarpdepfile=warp_dependencies.txt" "-.fdselabdepfile=elab_dependencies.txt" "-.fdsbldfile=generated_files.txt" "-p" "C:\Users\vijay\OneDrive\Documents\PSoC Creator\can_ak70_10_two_motors.cydsn\can_ak70_10_two_motors.cyprj" "-d" "CY8C5588AXI-060" "-s" "C:\Users\vijay\OneDrive\Documents\PSoC Creator\can_ak70_10_two_motors.cydsn\Generated_Source\PSoC5" "-w" "0" "--" "-yv2" "-w" "0" "-v3" "-ygs" "-q10" "-o2" "-.fftcfgtype=LE" "-.fftp3sirev=ES1"
	Working Dir : C:\Users\vijay\OneDrive\Documents\PSoC Creator\can_ak70_10_two_motors.cydsn\codegentemp
cydsfit.exe "-.fdsnotice" "-.fdswarpdepfile=warp_dependencies.txt" "-.fdselabdepfile=elab_dependencies.txt" "-.fdsbldfile=generated_files.txt" "-p" "C:\Users\vijay\OneDrive\Documents\PSoC Creator\can_ak70_10_two_motors.cydsn\can_ak70_10_two_motors.cyprj" "-d" "CY8C5588AXI-060" "-s" "C:\Users\vijay\OneDrive\Documents\PSoC Creator\can_ak70_10_two_motors.cydsn\Generated_Source\PSoC5" "-w" "0" "--" "-yv2" "-w" "0" "-v3" "-ygs" "-q10" "-o2" "-.fftcfgtype=LE" "-.fftp3sirev=ES1"
Elaborating Design...
HDL Generation ...
Synthesis ...
Place and Route ...
Tech mapping ...
Analog Placement ...
Analog Routing ...
Digital Placement ...
Log: plm.M0038: The pin named Rx_1(0) at location P3[7] prevents usage of special purposes: OpAmp:out. (App=cydsfit)
Log: plm.M0038: The pin named Tx_1(0) at location P12[0] prevents usage of special purposes: SIO or I2C:SCL. (App=cydsfit)
Info: plm.M0037: The pin(s) named Rx_1(0), Tx_1(0) at locations P3[7], P12[0] may impede future use of special pin features. (App=cydsfit)
Digital Routing ...
Bitstream Generation ...
API Generation ...
DependencyGeneration ...
Clean Temporary Files ...
arm-none-eabi-gcc.exe "-I." "-Wno-main" "-I./Generated_Source/PSoC5" "-mcpu=cortex-m3" "-mthumb" "-Wall" "-g" "-Wa,-alh=C:/Users/vijay/OneDrive/Documents/PSoC Creator/can_ak70_10_two_motors.cydsn/ARM_GCC_441/Debug/main.lst" "-ffunction-sections" "-c" "./main.c" "-o" "C:/Users/vijay/OneDrive/Documents/PSoC Creator/can_ak70_10_two_motors.cydsn/ARM_GCC_441/Debug/main.o"
./main.c: In function 'pack_cmd':
./main.c:51: warning: unused variable 'Test_Pos'
./main.c: In function 'main':
./main.c:113: warning: assignment from incompatible pointer type
./main.c:119: warning: assignment from incompatible pointer type
./main.c:195: warning: assignment from incompatible pointer type
./main.c:110: warning: unused variable 'exit_controlMode_bits'
./main.c:102: warning: unused variable 'P_step'
./main.c:86: warning: unused variable 'i'
arm-none-eabi-gcc.exe "-I." "-Wno-main" "-I./Generated_Source/PSoC5" "-mcpu=cortex-m3" "-mthumb" "-Wall" "-g" "-Wa,-alh=C:/Users/vijay/OneDrive/Documents/PSoC Creator/can_ak70_10_two_motors.cydsn/ARM_GCC_441/Debug/CAN.lst" "-ffunction-sections" "-c" "./Generated_Source/PSoC5/CAN.c" "-o" "C:/Users/vijay/OneDrive/Documents/PSoC Creator/can_ak70_10_two_motors.cydsn/ARM_GCC_441/Debug/CAN.o"
arm-none-eabi-gcc.exe "-I." "-Wno-main" "-I./Generated_Source/PSoC5" "-mcpu=cortex-m3" "-mthumb" "-Wall" "-g" "-Wa,-alh=C:/Users/vijay/OneDrive/Documents/PSoC Creator/can_ak70_10_two_motors.cydsn/ARM_GCC_441/Debug/CAN_INT.lst" "-ffunction-sections" "-c" "./Generated_Source/PSoC5/CAN_INT.c" "-o" "C:/Users/vijay/OneDrive/Documents/PSoC Creator/can_ak70_10_two_motors.cydsn/ARM_GCC_441/Debug/CAN_INT.o"
arm-none-eabi-gcc.exe "-I." "-Wno-main" "-I./Generated_Source/PSoC5" "-mcpu=cortex-m3" "-mthumb" "-Wall" "-g" "-Wa,-alh=C:/Users/vijay/OneDrive/Documents/PSoC Creator/can_ak70_10_two_motors.cydsn/ARM_GCC_441/Debug/CAN_PM.lst" "-ffunction-sections" "-c" "./Generated_Source/PSoC5/CAN_PM.c" "-o" "C:/Users/vijay/OneDrive/Documents/PSoC Creator/can_ak70_10_two_motors.cydsn/ARM_GCC_441/Debug/CAN_PM.o"
arm-none-eabi-gcc.exe "-I." "-Wno-main" "-I./Generated_Source/PSoC5" "-mcpu=cortex-m3" "-mthumb" "-Wall" "-g" "-Wa,-alh=C:/Users/vijay/OneDrive/Documents/PSoC Creator/can_ak70_10_two_motors.cydsn/ARM_GCC_441/Debug/CAN_TX_RX_func.lst" "-ffunction-sections" "-c" "./Generated_Source/PSoC5/CAN_TX_RX_func.c" "-o" "C:/Users/vijay/OneDrive/Documents/PSoC Creator/can_ak70_10_two_motors.cydsn/ARM_GCC_441/Debug/CAN_TX_RX_func.o"
./Generated_Source/PSoC5/CAN_TX_RX_func.c: In function 'CAN_SendMsg0':
./Generated_Source/PSoC5/CAN_TX_RX_func.c:184: warning: passing argument 1 of 'CAN_SendMsg' from incompatible pointer type
./Generated_Source/PSoC5/CAN_TX_RX_func.c:47: note: expected 'struct CAN_TX_MSG *' but argument is of type 'volatile struct CAN_REG_32 *'
arm-none-eabi-gcc.exe "-I." "-Wno-main" "-I./Generated_Source/PSoC5" "-mcpu=cortex-m3" "-mthumb" "-Wall" "-g" "-Wa,-alh=C:/Users/vijay/OneDrive/Documents/PSoC Creator/can_ak70_10_two_motors.cydsn/ARM_GCC_441/Debug/CAN_isr.lst" "-ffunction-sections" "-c" "./Generated_Source/PSoC5/CAN_isr.c" "-o" "C:/Users/vijay/OneDrive/Documents/PSoC Creator/can_ak70_10_two_motors.cydsn/ARM_GCC_441/Debug/CAN_isr.o"
arm-none-eabi-gcc.exe "-I." "-Wno-main" "-I./Generated_Source/PSoC5" "-mcpu=cortex-m3" "-mthumb" "-Wall" "-g" "-Wa,-alh=C:/Users/vijay/OneDrive/Documents/PSoC Creator/can_ak70_10_two_motors.cydsn/ARM_GCC_441/Debug/Cm3Start.lst" "-ffunction-sections" "-c" "./Generated_Source/PSoC5/Cm3Start.c" "-o" "C:/Users/vijay/OneDrive/Documents/PSoC Creator/can_ak70_10_two_motors.cydsn/ARM_GCC_441/Debug/Cm3Start.o"
arm-none-eabi-gcc.exe "-I." "-Wno-main" "-I./Generated_Source/PSoC5" "-mcpu=cortex-m3" "-mthumb" "-Wall" "-g" "-Wa,-alh=C:/Users/vijay/OneDrive/Documents/PSoC Creator/can_ak70_10_two_motors.cydsn/ARM_GCC_441/Debug/core_cm3.lst" "-ffunction-sections" "-c" "./Generated_Source/PSoC5/core_cm3.c" "-o" "C:/Users/vijay/OneDrive/Documents/PSoC Creator/can_ak70_10_two_motors.cydsn/ARM_GCC_441/Debug/core_cm3.o"
arm-none-eabi-as.exe "-I." "-I./Generated_Source/PSoC5" "-mcpu=cortex-m3" "-mthumb" "-g" "-alh=C:/Users/vijay/OneDrive/Documents/PSoC Creator/can_ak70_10_two_motors.cydsn/ARM_GCC_441/Debug/CyBootAsmGnu.lst" "-o" "C:/Users/vijay/OneDrive/Documents/PSoC Creator/can_ak70_10_two_motors.cydsn/ARM_GCC_441/Debug/CyBootAsmGnu.o" "./Generated_Source/PSoC5/CyBootAsmGnu.s"
arm-none-eabi-gcc.exe "-I." "-Wno-main" "-I./Generated_Source/PSoC5" "-mcpu=cortex-m3" "-mthumb" "-Wall" "-g" "-Wa,-alh=C:/Users/vijay/OneDrive/Documents/PSoC Creator/can_ak70_10_two_motors.cydsn/ARM_GCC_441/Debug/CyDmac.lst" "-ffunction-sections" "-c" "./Generated_Source/PSoC5/CyDmac.c" "-o" "C:/Users/vijay/OneDrive/Documents/PSoC Creator/can_ak70_10_two_motors.cydsn/ARM_GCC_441/Debug/CyDmac.o"
arm-none-eabi-gcc.exe "-I." "-Wno-main" "-I./Generated_Source/PSoC5" "-mcpu=cortex-m3" "-mthumb" "-Wall" "-g" "-Wa,-alh=C:/Users/vijay/OneDrive/Documents/PSoC Creator/can_ak70_10_two_motors.cydsn/ARM_GCC_441/Debug/CyFlash.lst" "-ffunction-sections" "-c" "./Generated_Source/PSoC5/CyFlash.c" "-o" "C:/Users/vijay/OneDrive/Documents/PSoC Creator/can_ak70_10_two_motors.cydsn/ARM_GCC_441/Debug/CyFlash.o"
arm-none-eabi-gcc.exe "-I." "-Wno-main" "-I./Generated_Source/PSoC5" "-mcpu=cortex-m3" "-mthumb" "-Wall" "-g" "-Wa,-alh=C:/Users/vijay/OneDrive/Documents/PSoC Creator/can_ak70_10_two_motors.cydsn/ARM_GCC_441/Debug/CyLib.lst" "-ffunction-sections" "-c" "./Generated_Source/PSoC5/CyLib.c" "-o" "C:/Users/vijay/OneDrive/Documents/PSoC Creator/can_ak70_10_two_motors.cydsn/ARM_GCC_441/Debug/CyLib.o"
arm-none-eabi-gcc.exe "-I." "-Wno-main" "-I./Generated_Source/PSoC5" "-mcpu=cortex-m3" "-mthumb" "-Wall" "-g" "-Wa,-alh=C:/Users/vijay/OneDrive/Documents/PSoC Creator/can_ak70_10_two_motors.cydsn/ARM_GCC_441/Debug/cyPm.lst" "-ffunction-sections" "-c" "./Generated_Source/PSoC5/cyPm.c" "-o" "C:/Users/vijay/OneDrive/Documents/PSoC Creator/can_ak70_10_two_motors.cydsn/ARM_GCC_441/Debug/cyPm.o"
arm-none-eabi-gcc.exe "-I." "-Wno-main" "-I./Generated_Source/PSoC5" "-mcpu=cortex-m3" "-mthumb" "-Wall" "-g" "-Wa,-alh=C:/Users/vijay/OneDrive/Documents/PSoC Creator/can_ak70_10_two_motors.cydsn/ARM_GCC_441/Debug/CySpc.lst" "-ffunction-sections" "-c" "./Generated_Source/PSoC5/CySpc.c" "-o" "C:/Users/vijay/OneDrive/Documents/PSoC Creator/can_ak70_10_two_motors.cydsn/ARM_GCC_441/Debug/CySpc.o"
arm-none-eabi-gcc.exe "-I." "-Wno-main" "-I./Generated_Source/PSoC5" "-mcpu=cortex-m3" "-mthumb" "-Wall" "-g" "-Wa,-alh=C:/Users/vijay/OneDrive/Documents/PSoC Creator/can_ak70_10_two_motors.cydsn/ARM_GCC_441/Debug/cyutils.lst" "-ffunction-sections" "-c" "./Generated_Source/PSoC5/cyutils.c" "-o" "C:/Users/vijay/OneDrive/Documents/PSoC Creator/can_ak70_10_two_motors.cydsn/ARM_GCC_441/Debug/cyutils.o"
arm-none-eabi-gcc.exe "-I." "-Wno-main" "-I./Generated_Source/PSoC5" "-mcpu=cortex-m3" "-mthumb" "-Wall" "-g" "-Wa,-alh=C:/Users/vijay/OneDrive/Documents/PSoC Creator/can_ak70_10_two_motors.cydsn/ARM_GCC_441/Debug/Rx_1.lst" "-ffunction-sections" "-c" "./Generated_Source/PSoC5/Rx_1.c" "-o" "C:/Users/vijay/OneDrive/Documents/PSoC Creator/can_ak70_10_two_motors.cydsn/ARM_GCC_441/Debug/Rx_1.o"
arm-none-eabi-gcc.exe "-I." "-Wno-main" "-I./Generated_Source/PSoC5" "-mcpu=cortex-m3" "-mthumb" "-Wall" "-g" "-Wa,-alh=C:/Users/vijay/OneDrive/Documents/PSoC Creator/can_ak70_10_two_motors.cydsn/ARM_GCC_441/Debug/Tx_1.lst" "-ffunction-sections" "-c" "./Generated_Source/PSoC5/Tx_1.c" "-o" "C:/Users/vijay/OneDrive/Documents/PSoC Creator/can_ak70_10_two_motors.cydsn/ARM_GCC_441/Debug/Tx_1.o"
arm-none-eabi-gcc.exe "-I." "-Wno-main" "-I./Generated_Source/PSoC5" "-mcpu=cortex-m3" "-mthumb" "-Wall" "-g" "-Wa,-alh=C:/Users/vijay/OneDrive/Documents/PSoC Creator/can_ak70_10_two_motors.cydsn/ARM_GCC_441/Debug/cyfitter_cfg.lst" "-ffunction-sections" "-c" "./Generated_Source/PSoC5/cyfitter_cfg.c" "-o" "C:/Users/vijay/OneDrive/Documents/PSoC Creator/can_ak70_10_two_motors.cydsn/ARM_GCC_441/Debug/cyfitter_cfg.o"
arm-none-eabi-ar.exe "-rs" "C:/Users/vijay/OneDrive/Documents/PSoC Creator/can_ak70_10_two_motors.cydsn/ARM_GCC_441/Debug/can_ak70_10_two_motors.a" "C:\Users\vijay\OneDrive\Documents\PSoC Creator\can_ak70_10_two_motors.cydsn\ARM_GCC_441\Debug\CAN.o" "C:\Users\vijay\OneDrive\Documents\PSoC Creator\can_ak70_10_two_motors.cydsn\ARM_GCC_441\Debug\CAN_INT.o" "C:\Users\vijay\OneDrive\Documents\PSoC Creator\can_ak70_10_two_motors.cydsn\ARM_GCC_441\Debug\CAN_PM.o" "C:\Users\vijay\OneDrive\Documents\PSoC Creator\can_ak70_10_two_motors.cydsn\ARM_GCC_441\Debug\CAN_TX_RX_func.o" "C:\Users\vijay\OneDrive\Documents\PSoC Creator\can_ak70_10_two_motors.cydsn\ARM_GCC_441\Debug\CAN_isr.o" "C:\Users\vijay\OneDrive\Documents\PSoC Creator\can_ak70_10_two_motors.cydsn\ARM_GCC_441\Debug\core_cm3.o" "C:\Users\vijay\OneDrive\Documents\PSoC Creator\can_ak70_10_two_motors.cydsn\ARM_GCC_441\Debug\CyBootAsmGnu.o" "C:\Users\vijay\OneDrive\Documents\PSoC Creator\can_ak70_10_two_motors.cydsn\ARM_GCC_441\Debug\CyDmac.o" "C:\Users\vijay\OneDrive\Documents\PSoC Creator\can_ak70_10_two_motors.cydsn\ARM_GCC_441\Debug\CyFlash.o" "C:\Users\vijay\OneDrive\Documents\PSoC Creator\can_ak70_10_two_motors.cydsn\ARM_GCC_441\Debug\CyLib.o" "C:\Users\vijay\OneDrive\Documents\PSoC Creator\can_ak70_10_two_motors.cydsn\ARM_GCC_441\Debug\cyPm.o" "C:\Users\vijay\OneDrive\Documents\PSoC Creator\can_ak70_10_two_motors.cydsn\ARM_GCC_441\Debug\CySpc.o" "C:\Users\vijay\OneDrive\Documents\PSoC Creator\can_ak70_10_two_motors.cydsn\ARM_GCC_441\Debug\cyutils.o" "C:\Users\vijay\OneDrive\Documents\PSoC Creator\can_ak70_10_two_motors.cydsn\ARM_GCC_441\Debug\Rx_1.o" "C:\Users\vijay\OneDrive\Documents\PSoC Creator\can_ak70_10_two_motors.cydsn\ARM_GCC_441\Debug\Tx_1.o" "C:\Users\vijay\OneDrive\Documents\PSoC Creator\can_ak70_10_two_motors.cydsn\ARM_GCC_441\Debug\cyfitter_cfg.o"
arm-none-eabi-ar.exe: creating C:/Users/vijay/OneDrive/Documents/PSoC Creator/can_ak70_10_two_motors.cydsn/ARM_GCC_441/Debug/can_ak70_10_two_motors.a
arm-none-eabi-cpp.exe "-P" "-C" "./Generated_Source/PSoC5/cm3gcc.ld" "-o" "cm3gcc.pld"
arm-none-eabi-gcc.exe "-mthumb" "-march=armv7" "-mfix-cortex-m3-ldrd" "-T" ".\cm3gcc.pld" "-g" "-Wl,-Map,C:/Users/vijay/OneDrive/Documents/PSoC Creator/can_ak70_10_two_motors.cydsn/ARM_GCC_441/Debug/can_ak70_10_two_motors.map" "-Wl,--gc-sections" "-o" "C:/Users/vijay/OneDrive/Documents/PSoC Creator/can_ak70_10_two_motors.cydsn/ARM_GCC_441/Debug/can_ak70_10_two_motors.elf" "C:\Users\vijay\OneDrive\Documents\PSoC Creator\can_ak70_10_two_motors.cydsn\ARM_GCC_441\Debug\main.o" "C:\Users\vijay\OneDrive\Documents\PSoC Creator\can_ak70_10_two_motors.cydsn\ARM_GCC_441\Debug\Cm3Start.o" "./ARM_GCC_441/Debug/can_ak70_10_two_motors.a" "C:/Program Files (x86)/Cypress/PSoC Creator/1.0/PSoC Creator/psoc/content/cycomponentlibrary/CyComponentLibrary.cylib/ARM_GCC_441/Debug/CyComponentLibrary.a" "-l" "m"
arm-none-eabi-objcopy.exe "-O" "ihex" "C:/Users/vijay/OneDrive/Documents/PSoC Creator/can_ak70_10_two_motors.cydsn/ARM_GCC_441/Debug/can_ak70_10_two_motors.elf" "C:/Users/vijay/OneDrive/Documents/PSoC Creator/can_ak70_10_two_motors.cydsn/ARM_GCC_441/Debug/can_ak70_10_two_motors.ihx"
cyhextool "-o" "C:/Users/vijay/OneDrive/Documents/PSoC Creator/can_ak70_10_two_motors.cydsn/ARM_GCC_441/Debug/can_ak70_10_two_motors.hex" "-f" "C:/Users/vijay/OneDrive/Documents/PSoC Creator/can_ak70_10_two_motors.cydsn/ARM_GCC_441/Debug/can_ak70_10_two_motors.ihx" "-prot" "C:\Users\vijay\OneDrive\Documents\PSoC Creator\can_ak70_10_two_motors.cydsn\Generated_Source\PSoC5\protect.hex" "-id" "E13C069" "-cunv" "00000005" "-meta" "0101" "-a" "EEPROM=90200000:800,PROGRAM=00000000:40000,CONFIG=80000000:8000,PROTECT=90400000:100" "-ecc" "C:\Users\vijay\OneDrive\Documents\PSoC Creator\can_ak70_10_two_motors.cydsn\Generated_Source\PSoC5\config.hex"
Flash used: 19076 of 262144 bytes (7.3 %).
SRAM used: 328 of 65536 bytes (0.5 %).
